make all --print-data-base --no-builtin-variables --no-builtin-rules --question
# GNU Make 4.3
# Built for x86_64-pc-linux-gnu
# Copyright (C) 1988-2020 Free Software Foundation, Inc.
# License GPLv3+: GNU GPL version 3 or later <http://gnu.org/licenses/gpl.html>
# This is free software: you are free to change and redistribute it.
# There is NO WARRANTY, to the extent permitted by law.

# Make data base, printed on Tue Apr 19 15:19:35 2022

# Variables

# makefile (from 'Makefile', line 14)
OBJ = $(SRC:.cpp=.o)
# environment
GDK_BACKEND = x11
# environment
LC_ALL = C
# environment
NO_AT_BRIDGE = 1
# makefile (from 'Makefile', line 12)
SRC = $(wildcard src/*.cpp) $(wildcard src/**/*.cpp) $(wildcard src/*.cpp) $(wildcard src/**/**/*.cpp) $(wildcard src/**/**/**/*.cpp)
# environment
VSCODE_IPC_HOOK_EXTHOST = /run/user/1000/vscode-ipc-a50b49ab-6d75-44b1-9b11-1404007d8a28.sock
# environment
VSCODE_CWD = /home/ati
# default
MAKE_COMMAND := make
# automatic
@D = $(patsubst %/,%,$(dir $@))
# environment
VSCODE_HANDLES_UNCAUGHT_ERRORS = true
# default
.VARIABLES := 
# environment
PWD = /home/ati/Desktop/code/lol
# automatic
%D = $(patsubst %/,%,$(dir $%))
# environment
MAIL = /var/spool/mail/ati
# environment
XDG_DATA_DIRS = /home/ati/.local/share/flatpak/exports/share:/var/lib/flatpak/exports/share:/usr/local/share:/usr/share:/var/lib/snapd/desktop:/usr/share
# automatic
^D = $(patsubst %/,%,$(dir $^))
# environment
VSCODE_LOG_STACK = false
# automatic
%F = $(notdir $%)
# environment
VSCODE_CODE_CACHE_PATH = /home/ati/.config/Code/CachedData/dfd34e8260c270da74b5c2d86d61aee4b6d56977
# environment
XDG_SESSION_PATH = /org/freedesktop/DisplayManager/Session1
# environment
LANG = C
# environment
XAUTHORITY = /home/ati/.Xauthority
# default
.LOADED := 
# default
.INCLUDE_DIRS = /usr/include /usr/local/include /usr/include
# makefile
MAKEFLAGS = pqrR
# makefile
CURDIR := /home/ati/Desktop/code/lol
# environment
VSCODE_PIPE_LOGGING = true
# environment
APPLICATION_INSIGHTS_NO_DIAGNOSTIC_CHANNEL = true
# automatic
*D = $(patsubst %/,%,$(dir $*))
# environment
PAM_KWALLET5_LOGIN = /run/user/1000/kwallet5.socket
# environment
MFLAGS = -pqrR
# environment
SSH_AUTH_SOCK = /tmp/ssh-XXXXXXkWpH0o/agent.705
# default
.SHELLFLAGS := -c
# environment
XDG_CONFIG_DIRS = /etc/xdg
# automatic
+D = $(patsubst %/,%,$(dir $+))
# environment
XDG_SESSION_DESKTOP = XFCE
# makefile (from 'Makefile', line 1)
MAKEFILE_LIST := Makefile
# automatic
@F = $(notdir $@)
# environment
VSCODE_VERBOSE_LOGGING = true
# environment
VSCODE_PID = 21738
# environment
XDG_SESSION_TYPE = x11
# automatic
?D = $(patsubst %/,%,$(dir $?))
# environment
SESSION_MANAGER = local/atiarch:@/tmp/.ICE-unix/628,unix/atiarch:/tmp/.ICE-unix/628
# automatic
*F = $(notdir $*)
# environment
CHROME_DESKTOP = code-url-handler.desktop
# environment
DBUS_SESSION_BUS_ADDRESS = unix:path=/run/user/1000/bus
# automatic
<D = $(patsubst %/,%,$(dir $<))
# environment
VSCODE_NLS_CONFIG = {"locale":"en-us","availableLanguages":{},"_languagePackSupport":true}
# default
MAKE_HOST := x86_64-pc-linux-gnu
# makefile
SHELL = /bin/sh
# default
MAKECMDGOALS := all
# environment
DOTNET_BUNDLE_EXTRACT_BASE_DIR = /home/ati/.cache/dotnet_bundle_extract
# environment
SHLVL = 0
# environment
MAKELEVEL := 0
# default
MAKE = $(MAKE_COMMAND)
# environment
PATH = /usr/local/sbin:/usr/local/bin:/usr/bin:/home/ati/.dotnet/tools:/var/lib/flatpak/exports/bin:/usr/lib/jvm/default/bin:/usr/bin/site_perl:/usr/bin/vendor_perl:/usr/bin/core_perl:/var/lib/snapd/snap/bin:/usr/lib/jvm/default/bin
# default
MAKEFILES := 
# environment
MOTD_SHOWN = pam
# automatic
^F = $(notdir $^)
# environment
VSCODE_LOG_NATIVE = false
# automatic
?F = $(notdir $?)
# environment
XDG_SEAT = seat0
# environment
XDG_CURRENT_DESKTOP = XFCE
# makefile (from 'Makefile', line 1)
UNAME_S = $(shell uname -s)
# automatic
+F = $(notdir $+)
# environment
XDG_SEAT_PATH = /org/freedesktop/DisplayManager/Seat0
# environment
DESKTOP_SESSION = xfce
# environment
ORIGINAL_XDG_CURRENT_DESKTOP = XFCE
# 'override' directive
GNUMAKEFLAGS := 
# environment
LOGNAME = ati
# makefile (from 'Makefile', line 13)
H = $(wildcard src/*.h) $(wildcard src/**/*.h) $(wildcard src/*.h) $(wildcard src/**/**/*.h) $(wildcard src/**/**/**/*.h)
# environment
XDG_VTNR = 1
# makefile
.DEFAULT_GOAL := all
# environment
DISPLAY = :0.0
# environment
GTK_MODULES = canberra-gtk-module:canberra-gtk-module
# environment
USER = ati
# default
MAKE_VERSION := 4.3
# makefile (from 'Makefile', line 8)
LDFLAGS = lib/glad/src/glad.o lib/glfw/src/libglfw3.a -ldl -lpthread -lGL
# environment
SSH_AGENT_PID = 706
# environment
_ = /usr/bin/make
# makefile (from 'Makefile', line 15)
BIN = bin
# environment
XDG_RUNTIME_DIR = /run/user/1000
# makefile (from 'Makefile', line 7)
CFLAGS = -std=c++17 -O2 -g -Wall -Wextra -Wpedantic -Wstrict-aliasing -Wparentheses -Wno-pointer-arith -Wno-newline-eof -Wno-unused-parameter -Wno-gnu-statement-expression -Wno-gnu-compound-literal-initializer  -Ilib/glad/include -Ilib/glfw/include -Isrc -Isrc/vendor/  
# environment
XDG_SESSION_CLASS = user
# environment
VSCODE_AMD_ENTRYPOINT = vs/workbench/api/node/extensionHostProcess
# environment
HOME = /home/ati
# environment
ELECTRON_RUN_AS_NODE = 1
# environment
VSCODE_IPC_HOOK = /run/user/1000/vscode-fe6a9c9b-1.66.2-main.sock
# environment
XDG_SESSION_ID = 2
# environment
PANEL_GDK_CORE_DEVICE_EVENTS = 0
# default
.RECIPEPREFIX := 
# automatic
<F = $(notdir $<)
# default
SUFFIXES := 
# default
.FEATURES := target-specific order-only second-expansion else-if shortest-stem undefine oneshell nocomment grouped-target extra-prereqs archives jobserver output-sync check-symlink guile load
# makefile (from 'Makefile', line 3)
CC = clang++
# environment
XDG_MENU_PREFIX = xfce-
# environment
DOTNET_ROOT = /usr/share/dotnet
# variable set hash-table stats:
# Load=97/1024=9%, Rehash=0, Collisions=7/139=5%

# Pattern-specific Variable Values

# No pattern-specific variable values.

# Directories

# src/vendor/imgui (device 2051, inode 19138345): 18 files, no impossibilities.
# src/vendor/glm/detail (device 2051, inode 19137824): 81 files, no impossibilities.
# src/vendor/glm/gtc (device 2051, inode 19137946): 39 files, no impossibilities.
# src/game/world (device 2051, inode 18878674): 10 files, no impossibilities.
# src (device 2051, inode 18877355): 8 files, no impossibilities.
# src/vendor/stb_image (device 2051, inode 19138358): 5 files, no impossibilities.
# . (device 2051, inode 18879332): 11 files, no impossibilities.
# src/game (device 2051, inode 18877383): 4 files, no impossibilities.
# src/vendor (device 2051, inode 19138300): 5 files, no impossibilities.
# src/vendor/glm (device 2051, inode 19137821): 28 files, no impossibilities.
# src/vendor/glm/gtx (device 2051, inode 19137987): 116 files, no impossibilities.
# src/opengl (device 2051, inode 18879419): 6 files, no impossibilities.
# src/input (device 2051, inode 18877379): 5 files, no impossibilities.

# 336 files, no impossibilities in 13 directories.

# Implicit Rules

%.o: %.cpp
#  recipe to execute (from 'Makefile', line 36):
	$(CC) -o $@ -c $< $(CFLAGS)
	

# 1 implicit rules, 0 (0.0%) terminal.
# Files

# Not a target:
src/vendor/imgui/imgui.o:
#  Implicit rule search has not been done.
#  Modification time never checked.
#  File has not been updated.

game: src/main.o src/input/Input.o src/main.o src/game/world/Chunk.o src/game/world/World.o src/vendor/imgui/imgui.o src/vendor/imgui/imgui_demo.o src/vendor/imgui/imgui_draw.o src/vendor/imgui/imgui_impl_glfw_gl3.o src/vendor/stb_image/stb_image.o src/vendor/glm/detail/glm.o
#  Implicit rule search has not been done.
#  Modification time never checked.
#  File has not been updated.
#  recipe to execute (from 'Makefile', line 33):
	$(CC) -o $(BIN)/game $^ $(LDFLAGS)

# Not a target:
src/input/Input.o:
#  Implicit rule search has not been done.
#  Modification time never checked.
#  File has not been updated.

# Not a target:
src/game/world/World.o:
#  Implicit rule search has not been done.
#  Modification time never checked.
#  File has not been updated.

# Not a target:
Makefile:
#  Implicit rule search has been done.
#  Last modified 2022-04-19 14:52:07.951188627
#  File has been updated.
#  Successfully updated.

dirs:
#  Implicit rule search has not been done.
 
#  Implicit/static pattern stem: ''
#  File does not exist.
#  File has been updated.
#  Needs to be updated (-q is set).
# automatic
# @ := dirs
# automatic
# * := 
# automatic
# < := 
# automatic
# + := 
# automatic
# % := 
# automatic
# ^ := 
# automatic
# ? := 
# automatic
# | := 
# variable set hash-table stats:
# Load=8/32=25%, Rehash=0, Collisions=1/12=8%
#  recipe to execute (from 'Makefile', line 27):
	mkdir -p ./$(BIN)

clean:
#  Phony target (prerequisite of .PHONY).
#  Implicit rule search has not been done.
#  File does not exist.
#  File has not been updated.
#  recipe to execute (from 'Makefile', line 41):
	rm -rf $(BIN) $(OBJ)

# Not a target:
src/vendor/imgui/imgui_draw.o:
#  Implicit rule search has not been done.
#  Modification time never checked.
#  File has not been updated.

# Not a target:
src/main.o:
#  Implicit rule search has not been done.
#  Modification time never checked.
#  File has not been updated.

# Not a target:
src/vendor/imgui/imgui_impl_glfw_gl3.o:
#  Implicit rule search has not been done.
#  Modification time never checked.
#  File has not been updated.

# Not a target:
.DEFAULT:
#  Implicit rule search has not been done.
#  Modification time never checked.
#  File has not been updated.

# Not a target:
src/vendor/glm/detail/glm.o:
#  Implicit rule search has not been done.
#  Modification time never checked.
#  File has not been updated.

all: dirs libs game
#  Phony target (prerequisite of .PHONY).
#  Command line target.
#  Implicit rule search has not been done.
#  File does not exist.
#  File has been updated.
#  Needs to be updated (-q is set).
# variable set hash-table stats:
# Load=0/32=0%, Rehash=0, Collisions=0/4=0%

run: all
#  Implicit rule search has not been done.
#  Modification time never checked.
#  File has not been updated.
#  recipe to execute (from 'Makefile', line 30):
	$(BIN)/game

libs:
#  Implicit rule search has not been done.
#  Modification time never checked.
#  File has not been updated.
#  recipe to execute (from 'Makefile', line 23):
	cd lib/glad && $(CC) -o src/glad.o -Iinclude -c src/glad.c
	cd lib/glfw && cmake . && make

# Not a target:
src/game/world/Chunk.o:
#  Implicit rule search has not been done.
#  Modification time never checked.
#  File has not been updated.

# Not a target:
src/vendor/stb_image/stb_image.o:
#  Implicit rule search has not been done.
#  Modification time never checked.
#  File has not been updated.

# Not a target:
.SUFFIXES:
#  Implicit rule search has not been done.
#  Modification time never checked.
#  File has not been updated.

.PHONY: all clean
#  Implicit rule search has not been done.
#  Modification time never checked.
#  File has not been updated.

# Not a target:
src/vendor/imgui/imgui_demo.o:
#  Implicit rule search has not been done.
#  Modification time never checked.
#  File has not been updated.

# files hash-table stats:
# Load=20/1024=2%, Rehash=0, Collisions=0/53=0%
# VPATH Search Paths

# No 'vpath' search paths.

# No general ('VPATH' variable) search path.

# strcache buffers: 1 (0) / strings = 336 / storage = 5099 B / avg = 15 B
# current buf: size = 8162 B / used = 5099 B / count = 336 / avg = 15 B

# strcache performance: lookups = 391 / hit rate = 14%
# hash-table stats:
# Load=336/8192=4%, Rehash=0, Collisions=7/391=2%
# Finished Make data base on Tue Apr 19 15:19:35 2022

 
